-- Found ament_cmake: 1.3.8 (/opt/ros/humble/share/ament_cmake/cmake)
-- Found rclcpp: 16.0.8 (/opt/ros/humble/share/rclcpp/cmake)
-- Found rosidl_generator_c: 3.1.5 (/opt/ros/humble/share/rosidl_generator_c/cmake)
-- Found rosidl_adapter: 3.1.5 (/opt/ros/humble/share/rosidl_adapter/cmake)
-- Found rosidl_generator_cpp: 3.1.5 (/opt/ros/humble/share/rosidl_generator_cpp/cmake)
-- Using all available rosidl_typesupport_c: rosidl_typesupport_fastrtps_c;rosidl_typesupport_introspection_c
-- Using all available rosidl_typesupport_cpp: rosidl_typesupport_fastrtps_cpp;rosidl_typesupport_introspection_cpp
-- Found rmw_implementation_cmake: 6.1.1 (/opt/ros/humble/share/rmw_implementation_cmake/cmake)
-- Found rmw_fastrtps_cpp: 6.2.6 (/opt/ros/humble/share/rmw_fastrtps_cpp/cmake)
-- Using RMW implementation 'rmw_fastrtps_cpp' as default
-- Found ament_lint_auto: 0.12.10 (/opt/ros/humble/share/ament_lint_auto/cmake)
-- Added test 'cppcheck' to perform static code analysis on C / C++ code
-- Configured cppcheck include dirs: 
-- Configured cppcheck exclude dirs and/or files: 
-- Added test 'lint_cmake' to check CMake code style
-- Added test 'uncrustify' to check C / C++ code style
-- Configured uncrustify additional arguments: 
-- Added test 'xmllint' to check XML markup files
-- Configuring done
-- Generating done
-- Build files have been written to: /home/jacob/ros2_CPlus/build/cpp_pubsub
[ 50%] [32mBuilding CXX object CMakeFiles/talker.dir/src/publisher.cpp.o[0m
[01m[K/home/jacob/ros2_CPlus/src/cpp_pubsub/src/publisher.cpp:[m[K In member function â€˜[01m[Kvoid MinimalPublisher::timer_callback()[m[Kâ€™:
[01m[K/home/jacob/ros2_CPlus/src/cpp_pubsub/src/publisher.cpp:25:13:[m[K [01;31m[Kerror: [m[Kexpected â€˜[01m[K;[m[Kâ€™ before â€˜[01m[KRCLCCP_INFO[m[Kâ€™
   25 |             [01;31m[KRCLCCP_INFO[m[K(this->get_logger(), "Publishing: '%s'", message.data.c_str());
      |             [01;31m[K^~~~~~~~~~~[m[K
[01m[K/home/jacob/ros2_CPlus/src/cpp_pubsub/src/publisher.cpp:[m[K In function â€˜[01m[Kint main(int, char**)[m[Kâ€™:
[01m[K/home/jacob/ros2_CPlus/src/cpp_pubsub/src/publisher.cpp:38:23:[m[K [01;31m[Kerror: [m[Kâ€˜[01m[Kmaked_shared[m[Kâ€™ is not a member of â€˜[01m[Kstd[m[Kâ€™; did you mean â€˜[01m[Kmake_shared[m[Kâ€™?
   38 |     rclcpp::spin(std::[01;31m[Kmaked_shared[m[K<MinimalPublisher>());
      |                       [01;31m[K^~~~~~~~~~~~[m[K
      |                       [32m[Kmake_shared[m[K
[01m[K/home/jacob/ros2_CPlus/src/cpp_pubsub/src/publisher.cpp:38:52:[m[K [01;31m[Kerror: [m[Kexpected primary-expression before â€˜[01m[K>[m[Kâ€™ token
   38 |     rclcpp::spin(std::maked_shared<MinimalPublisher[01;31m[K>[m[K());
      |                                                    [01;31m[K^[m[K
[01m[K/home/jacob/ros2_CPlus/src/cpp_pubsub/src/publisher.cpp:38:54:[m[K [01;31m[Kerror: [m[Kexpected primary-expression before â€˜[01m[K)[m[Kâ€™ token
   38 |     rclcpp::spin(std::maked_shared<MinimalPublisher>([01;31m[K)[m[K);
      |                                                      [01;31m[K^[m[K
gmake[2]: *** [CMakeFiles/talker.dir/build.make:76: CMakeFiles/talker.dir/src/publisher.cpp.o] Error 1
gmake[1]: *** [CMakeFiles/Makefile2:137: CMakeFiles/talker.dir/all] Error 2
gmake: *** [Makefile:146: all] Error 2
