[0.014s] Invoking command in '/home/jacob/ros2_CPlus/build/cpp_pubsub': CMAKE_PREFIX_PATH=${CMAKE_PREFIX_PATH}:/opt/ros/humble /usr/bin/cmake --build /home/jacob/ros2_CPlus/build/cpp_pubsub -- -j16 -l16
[0.046s] -- Found ament_cmake: 1.3.8 (/opt/ros/humble/share/ament_cmake/cmake)
[0.189s] -- Found rclcpp: 16.0.8 (/opt/ros/humble/share/rclcpp/cmake)
[0.229s] -- Found rosidl_generator_c: 3.1.5 (/opt/ros/humble/share/rosidl_generator_c/cmake)
[0.232s] -- Found rosidl_adapter: 3.1.5 (/opt/ros/humble/share/rosidl_adapter/cmake)
[0.239s] -- Found rosidl_generator_cpp: 3.1.5 (/opt/ros/humble/share/rosidl_generator_cpp/cmake)
[0.251s] -- Using all available rosidl_typesupport_c: rosidl_typesupport_fastrtps_c;rosidl_typesupport_introspection_c
[0.268s] -- Using all available rosidl_typesupport_cpp: rosidl_typesupport_fastrtps_cpp;rosidl_typesupport_introspection_cpp
[0.332s] -- Found rmw_implementation_cmake: 6.1.1 (/opt/ros/humble/share/rmw_implementation_cmake/cmake)
[0.334s] -- Found rmw_fastrtps_cpp: 6.2.6 (/opt/ros/humble/share/rmw_fastrtps_cpp/cmake)
[0.490s] -- Using RMW implementation 'rmw_fastrtps_cpp' as default
[0.659s] -- Found ament_lint_auto: 0.12.10 (/opt/ros/humble/share/ament_lint_auto/cmake)
[0.740s] -- Added test 'cppcheck' to perform static code analysis on C / C++ code
[0.740s] -- Configured cppcheck include dirs: 
[0.740s] -- Configured cppcheck exclude dirs and/or files: 
[0.741s] -- Added test 'lint_cmake' to check CMake code style
[0.742s] -- Added test 'uncrustify' to check C / C++ code style
[0.742s] -- Configured uncrustify additional arguments: 
[0.742s] -- Added test 'xmllint' to check XML markup files
[0.743s] -- Configuring done
[0.754s] -- Generating done
[0.756s] -- Build files have been written to: /home/jacob/ros2_CPlus/build/cpp_pubsub
[0.804s] [ 50%] [32mBuilding CXX object CMakeFiles/talker.dir/src/publisher.cpp.o[0m
[3.488s] [01m[K/home/jacob/ros2_CPlus/src/cpp_pubsub/src/publisher.cpp:[m[K In member function â€˜[01m[Kvoid MinimalPublisher::timer_callback()[m[Kâ€™:
[3.489s] [01m[K/home/jacob/ros2_CPlus/src/cpp_pubsub/src/publisher.cpp:25:13:[m[K [01;31m[Kerror: [m[Kexpected â€˜[01m[K;[m[Kâ€™ before â€˜[01m[KRCLCCP_INFO[m[Kâ€™
[3.489s]    25 |             [01;31m[KRCLCCP_INFO[m[K(this->get_logger(), "Publishing: '%s'", message.data.c_str());
[3.489s]       |             [01;31m[K^~~~~~~~~~~[m[K
[3.490s] [01m[K/home/jacob/ros2_CPlus/src/cpp_pubsub/src/publisher.cpp:[m[K In function â€˜[01m[Kint main(int, char**)[m[Kâ€™:
[3.490s] [01m[K/home/jacob/ros2_CPlus/src/cpp_pubsub/src/publisher.cpp:38:23:[m[K [01;31m[Kerror: [m[Kâ€˜[01m[Kmaked_shared[m[Kâ€™ is not a member of â€˜[01m[Kstd[m[Kâ€™; did you mean â€˜[01m[Kmake_shared[m[Kâ€™?
[3.490s]    38 |     rclcpp::spin(std::[01;31m[Kmaked_shared[m[K<MinimalPublisher>());
[3.490s]       |                       [01;31m[K^~~~~~~~~~~~[m[K
[3.490s]       |                       [32m[Kmake_shared[m[K
[3.490s] [01m[K/home/jacob/ros2_CPlus/src/cpp_pubsub/src/publisher.cpp:38:52:[m[K [01;31m[Kerror: [m[Kexpected primary-expression before â€˜[01m[K>[m[Kâ€™ token
[3.490s]    38 |     rclcpp::spin(std::maked_shared<MinimalPublisher[01;31m[K>[m[K());
[3.490s]       |                                                    [01;31m[K^[m[K
[3.490s] [01m[K/home/jacob/ros2_CPlus/src/cpp_pubsub/src/publisher.cpp:38:54:[m[K [01;31m[Kerror: [m[Kexpected primary-expression before â€˜[01m[K)[m[Kâ€™ token
[3.490s]    38 |     rclcpp::spin(std::maked_shared<MinimalPublisher>([01;31m[K)[m[K);
[3.490s]       |                                                      [01;31m[K^[m[K
[4.356s] gmake[2]: *** [CMakeFiles/talker.dir/build.make:76: CMakeFiles/talker.dir/src/publisher.cpp.o] Error 1
[4.356s] gmake[1]: *** [CMakeFiles/Makefile2:137: CMakeFiles/talker.dir/all] Error 2
[4.357s] gmake: *** [Makefile:146: all] Error 2
[4.360s] Invoked command in '/home/jacob/ros2_CPlus/build/cpp_pubsub' returned '2': CMAKE_PREFIX_PATH=${CMAKE_PREFIX_PATH}:/opt/ros/humble /usr/bin/cmake --build /home/jacob/ros2_CPlus/build/cpp_pubsub -- -j16 -l16
