[35m[1mConsolidate compiler generated dependencies of target talker[0m
[ 50%] [32mBuilding CXX object CMakeFiles/talker.dir/src/publisher.cpp.o[0m
[01m[K/home/jacob/ros2_CPlus/src/cpp_pubsub/src/publisher.cpp:[m[K In function â€˜[01m[Kint main(int, char**)[m[Kâ€™:
[01m[K/home/jacob/ros2_CPlus/src/cpp_pubsub/src/publisher.cpp:38:23:[m[K [01;31m[Kerror: [m[Kâ€˜[01m[Kmaked_shared[m[Kâ€™ is not a member of â€˜[01m[Kstd[m[Kâ€™; did you mean â€˜[01m[Kmake_shared[m[Kâ€™?
   38 |     rclcpp::spin(std::[01;31m[Kmaked_shared[m[K<MinimalPublisher>());
      |                       [01;31m[K^~~~~~~~~~~~[m[K
      |                       [32m[Kmake_shared[m[K
[01m[K/home/jacob/ros2_CPlus/src/cpp_pubsub/src/publisher.cpp:38:52:[m[K [01;31m[Kerror: [m[Kexpected primary-expression before â€˜[01m[K>[m[Kâ€™ token
   38 |     rclcpp::spin(std::maked_shared<MinimalPublisher[01;31m[K>[m[K());
      |                                                    [01;31m[K^[m[K
[01m[K/home/jacob/ros2_CPlus/src/cpp_pubsub/src/publisher.cpp:38:54:[m[K [01;31m[Kerror: [m[Kexpected primary-expression before â€˜[01m[K)[m[Kâ€™ token
   38 |     rclcpp::spin(std::maked_shared<MinimalPublisher>([01;31m[K)[m[K);
      |                                                      [01;31m[K^[m[K
gmake[2]: *** [CMakeFiles/talker.dir/build.make:76: CMakeFiles/talker.dir/src/publisher.cpp.o] Error 1
gmake[1]: *** [CMakeFiles/Makefile2:137: CMakeFiles/talker.dir/all] Error 2
gmake: *** [Makefile:146: all] Error 2
